
10/29/2020 12:16:07 PM : System.Runtime.InteropServices.COMException (0x80010001): Call was rejected by callee. (Exception from HRESULT: 0x80010001 (RPC_E_CALL_REJECTED))
   at Microsoft.Office.Interop.Word.Range.Copy()
   at BasedOnText.Common.FileConnectView(List`1 FileList, String filename, String type) in F:\plan\txtContents\result\BasedOnText\BasedOnText\Common.cs:line 263

10/29/2020 12:23:55 PM : System.Runtime.InteropServices.COMException (0x80010001): Call was rejected by callee. (Exception from HRESULT: 0x80010001 (RPC_E_CALL_REJECTED))
   at Microsoft.Office.Interop.Word.Range.Copy()
   at BasedOnText.Common.FileConnectView(List`1 FileList, String filename, String type) in F:\plan\txtContents\result\BasedOnText\BasedOnText\Common.cs:line 263

11/3/2020 4:05:49 PM : Filter2에서 오류!
System.IndexOutOfRangeException: Index was outside the bounds of the array.
   at BasedOnText.Filter2.ChangeFilter2Word(Application createword, Document createdoc, String text, String word, String[] similarWord, String filePath, Boolean rulecheck) in F:\plan\txtContents\result\BasedOnText\BasedOnText\Filter2.cs:line 137

11/3/2020 4:12:10 PM : 파일 읽기시 오류.
System.Runtime.InteropServices.COMException (0x80040154): Retrieving the COM class factory for component with CLSID {00020819-0000-0000-C000-000000000046} failed due to the following error: 80040154 Class not registered (Exception from HRESULT: 0x80040154 (REGDB_E_CLASSNOTREG)).
   at System.Runtime.Remoting.RemotingServices.AllocateUninitializedObject(RuntimeType objectType)
   at System.Runtime.Remoting.Activation.ActivationServices.CreateInstance(RuntimeType serverType)
   at System.Runtime.Remoting.Activation.ActivationServices.IsCurrentContextOK(RuntimeType serverType, Object[] props, Boolean bNewObj)
   at System.RuntimeTypeHandle.CreateInstance(RuntimeType type, Boolean publicOnly, Boolean noCheck, Boolean& canBeCached, RuntimeMethodHandleInternal& ctor, Boolean& bNeedSecurityCheck)
   at System.RuntimeType.CreateInstanceSlow(Boolean publicOnly, Boolean skipCheckThis, Boolean fillCache, StackCrawlMark& stackMark)
   at System.RuntimeType.CreateInstanceDefaultCtor(Boolean publicOnly, Boolean skipCheckThis, Boolean fillCache, StackCrawlMark& stackMark)
   at System.Activator.CreateInstance(Type type, Boolean nonPublic)
   at System.Activator.CreateInstance(Type type)
   at BasedOnText.Common.ReadTextFromExcelFile(Application xlApp, String FilePath) in F:\plan\txtContents\result\BasedOnText\BasedOnText\Common.cs:line 68
   at BasedOnText.Filter2.ReadTextFromExcelFile(Application xlApp, String path) in F:\plan\txtContents\result\BasedOnText\BasedOnText\Filter2.cs:line 26

11/3/2020 4:16:10 PM : 파일 읽기시 오류.
System.Runtime.InteropServices.COMException (0x80040154): Retrieving the COM class factory for component with CLSID {00020819-0000-0000-C000-000000000046} failed due to the following error: 80040154 Class not registered (Exception from HRESULT: 0x80040154 (REGDB_E_CLASSNOTREG)).
   at System.Runtime.Remoting.RemotingServices.AllocateUninitializedObject(RuntimeType objectType)
   at System.Runtime.Remoting.Activation.ActivationServices.CreateInstance(RuntimeType serverType)
   at System.Runtime.Remoting.Activation.ActivationServices.IsCurrentContextOK(RuntimeType serverType, Object[] props, Boolean bNewObj)
   at System.RuntimeTypeHandle.CreateInstance(RuntimeType type, Boolean publicOnly, Boolean noCheck, Boolean& canBeCached, RuntimeMethodHandleInternal& ctor, Boolean& bNeedSecurityCheck)
   at System.RuntimeType.CreateInstanceSlow(Boolean publicOnly, Boolean skipCheckThis, Boolean fillCache, StackCrawlMark& stackMark)
   at System.RuntimeType.CreateInstanceDefaultCtor(Boolean publicOnly, Boolean skipCheckThis, Boolean fillCache, StackCrawlMark& stackMark)
   at System.Activator.CreateInstance(Type type, Boolean nonPublic)
   at System.Activator.CreateInstance(Type type)
   at BasedOnText.Common.ReadTextFromExcelFile(Application xlApp, String FilePath) in F:\plan\txtContents\result\BasedOnText\BasedOnText\Common.cs:line 68
   at BasedOnText.Filter2.ReadTextFromExcelFile(Application xlApp, String path) in F:\plan\txtContents\result\BasedOnText\BasedOnText\Filter2.cs:line 26

11/3/2020 4:16:57 PM : Filter2에서 오류!
System.IndexOutOfRangeException: Index was outside the bounds of the array.
   at BasedOnText.Filter2.ChangeFilter2Word(Application createword, Document createdoc, String text, String word, String[] similarWord, String filePath, Boolean rulecheck) in F:\plan\txtContents\result\BasedOnText\BasedOnText\Filter2.cs:line 137

11/3/2020 4:17:03 PM : Filter2에서 오류!
System.IndexOutOfRangeException: Index was outside the bounds of the array.
   at BasedOnText.Filter2.ChangeFilter2Word(Application createword, Document createdoc, String text, String word, String[] similarWord, String filePath, Boolean rulecheck) in F:\plan\txtContents\result\BasedOnText\BasedOnText\Filter2.cs:line 137

11/6/2020 8:53:20 AM : System.Runtime.InteropServices.COMException (0x800A1735): The requested member of the collection does not exist.
   at Microsoft.Office.Interop.Word.Paragraphs.get_Item(Int32 Index)
   at BasedOnText.Common.ReadTextFromWordFileToParagraph(Application createword, String FilePath) in F:\plan\txtContents\result\BasedOnText\BasedOnText\Common.cs:line 469

11/6/2020 8:53:20 AM : System.Runtime.InteropServices.COMException (0x800A1735): The requested member of the collection does not exist.
   at Microsoft.Office.Interop.Word.Paragraphs.get_Item(Int32 Index)
   at BasedOnText.Common.ReadTextFromWordFileToParagraph(Application createword, String FilePath) in F:\plan\txtContents\result\BasedOnText\BasedOnText\Common.cs:line 469

11/6/2020 8:53:21 AM : System.Runtime.InteropServices.COMException (0x800A1735): The requested member of the collection does not exist.
   at Microsoft.Office.Interop.Word.Paragraphs.get_Item(Int32 Index)
   at BasedOnText.Common.ReadTextFromWordFileToParagraph(Application createword, String FilePath) in F:\plan\txtContents\result\BasedOnText\BasedOnText\Common.cs:line 469

11/6/2020 8:54:08 AM : System.Runtime.InteropServices.COMException (0x800A1735): The requested member of the collection does not exist.
   at Microsoft.Office.Interop.Word.Paragraphs.get_Item(Int32 Index)
   at BasedOnText.Common.ReadTextFromWordFileToParagraph(Application createword, String FilePath) in F:\plan\txtContents\result\BasedOnText\BasedOnText\Common.cs:line 469

11/6/2020 8:54:09 AM : System.Runtime.InteropServices.COMException (0x800A1735): The requested member of the collection does not exist.
   at Microsoft.Office.Interop.Word.Paragraphs.get_Item(Int32 Index)
   at BasedOnText.Common.ReadTextFromWordFileToParagraph(Application createword, String FilePath) in F:\plan\txtContents\result\BasedOnText\BasedOnText\Common.cs:line 469

11/6/2020 8:54:10 AM : System.Runtime.InteropServices.COMException (0x800A1735): The requested member of the collection does not exist.
   at Microsoft.Office.Interop.Word.Paragraphs.get_Item(Int32 Index)
   at BasedOnText.Common.ReadTextFromWordFileToParagraph(Application createword, String FilePath) in F:\plan\txtContents\result\BasedOnText\BasedOnText\Common.cs:line 469

11/6/2020 8:54:13 AM : System.Runtime.InteropServices.COMException (0x800A03EC): Exception from HRESULT: 0x800A03EC
   at System.RuntimeType.ForwardCallToInvokeMember(String memberName, BindingFlags flags, Object target, Int32[] aWrapperTypes, MessageData& msgData)
   at Microsoft.Office.Interop.Excel.Range.set__Default(Object RowIndex, Object ColumnIndex, Object )
   at BasedOnText.Common.MakeExcelFile(Application xlApp, List`1 WordList, String path) in F:\plan\txtContents\result\BasedOnText\BasedOnText\Common.cs:line 192

11/8/2020 12:50:28 PM : System.Runtime.InteropServices.COMException (0x800A1735): The requested member of the collection does not exist.
   at Microsoft.Office.Interop.Word.Paragraphs.get_Item(Int32 Index)
   at BasedOnText.Common.ReadTextFromWordFileToParagraph(Application createword, String FilePath) in F:\plan\txtContents\result\BasedOnText\BasedOnText\Common.cs:line 516

11/8/2020 12:50:31 PM : System.Runtime.InteropServices.COMException (0x800A1735): The requested member of the collection does not exist.
   at Microsoft.Office.Interop.Word.Paragraphs.get_Item(Int32 Index)
   at BasedOnText.Common.ReadTextFromWordFileToParagraph(Application createword, String FilePath) in F:\plan\txtContents\result\BasedOnText\BasedOnText\Common.cs:line 516

11/8/2020 12:50:33 PM : System.Runtime.InteropServices.COMException (0x800A1735): The requested member of the collection does not exist.
   at Microsoft.Office.Interop.Word.Paragraphs.get_Item(Int32 Index)
   at BasedOnText.Common.ReadTextFromWordFileToParagraph(Application createword, String FilePath) in F:\plan\txtContents\result\BasedOnText\BasedOnText\Common.cs:line 516

11/8/2020 12:55:19 PM : System.Runtime.InteropServices.COMException (0x800A1735): The requested member of the collection does not exist.
   at Microsoft.Office.Interop.Word.Paragraphs.get_Item(Int32 Index)
   at BasedOnText.Common.ReadTextFromWordFileToParagraph(Application createword, String FilePath) in F:\plan\txtContents\result\BasedOnText\BasedOnText\Common.cs:line 516

11/8/2020 12:55:20 PM : System.Runtime.InteropServices.COMException (0x800A1735): The requested member of the collection does not exist.
   at Microsoft.Office.Interop.Word.Paragraphs.get_Item(Int32 Index)
   at BasedOnText.Common.ReadTextFromWordFileToParagraph(Application createword, String FilePath) in F:\plan\txtContents\result\BasedOnText\BasedOnText\Common.cs:line 516

11/8/2020 12:55:21 PM : System.Runtime.InteropServices.COMException (0x800A1735): The requested member of the collection does not exist.
   at Microsoft.Office.Interop.Word.Paragraphs.get_Item(Int32 Index)
   at BasedOnText.Common.ReadTextFromWordFileToParagraph(Application createword, String FilePath) in F:\plan\txtContents\result\BasedOnText\BasedOnText\Common.cs:line 516

11/8/2020 12:55:24 PM : System.Runtime.InteropServices.COMException (0x800A1735): The requested member of the collection does not exist.
   at Microsoft.Office.Interop.Word.Paragraphs.get_Item(Int32 Index)
   at BasedOnText.Common.ReadTextFromWordFileToParagraph(Application createword, String FilePath) in F:\plan\txtContents\result\BasedOnText\BasedOnText\Common.cs:line 516

11/8/2020 12:55:27 PM : System.Runtime.InteropServices.COMException (0x800A1735): The requested member of the collection does not exist.
   at Microsoft.Office.Interop.Word.Paragraphs.get_Item(Int32 Index)
   at BasedOnText.Common.ReadTextFromWordFileToParagraph(Application createword, String FilePath) in F:\plan\txtContents\result\BasedOnText\BasedOnText\Common.cs:line 516

11/8/2020 12:55:30 PM : System.Runtime.InteropServices.COMException (0x800A1735): The requested member of the collection does not exist.
   at Microsoft.Office.Interop.Word.Paragraphs.get_Item(Int32 Index)
   at BasedOnText.Common.ReadTextFromWordFileToParagraph(Application createword, String FilePath) in F:\plan\txtContents\result\BasedOnText\BasedOnText\Common.cs:line 516

11/8/2020 12:55:32 PM : System.Runtime.InteropServices.COMException (0x800A1735): The requested member of the collection does not exist.
   at Microsoft.Office.Interop.Word.Paragraphs.get_Item(Int32 Index)
   at BasedOnText.Common.ReadTextFromWordFileToParagraph(Application createword, String FilePath) in F:\plan\txtContents\result\BasedOnText\BasedOnText\Common.cs:line 516

11/8/2020 12:55:35 PM : System.Runtime.InteropServices.COMException (0x800A1735): The requested member of the collection does not exist.
   at Microsoft.Office.Interop.Word.Paragraphs.get_Item(Int32 Index)
   at BasedOnText.Common.ReadTextFromWordFileToParagraph(Application createword, String FilePath) in F:\plan\txtContents\result\BasedOnText\BasedOnText\Common.cs:line 516

11/8/2020 12:55:37 PM : System.Runtime.InteropServices.COMException (0x800A1735): The requested member of the collection does not exist.
   at Microsoft.Office.Interop.Word.Paragraphs.get_Item(Int32 Index)
   at BasedOnText.Common.ReadTextFromWordFileToParagraph(Application createword, String FilePath) in F:\plan\txtContents\result\BasedOnText\BasedOnText\Common.cs:line 516

11/8/2020 12:55:46 PM : System.Runtime.InteropServices.COMException (0x800A1735): The requested member of the collection does not exist.
   at Microsoft.Office.Interop.Word.Paragraphs.get_Item(Int32 Index)
   at BasedOnText.Common.ReadTextFromWordFileToParagraph(Application createword, String FilePath) in F:\plan\txtContents\result\BasedOnText\BasedOnText\Common.cs:line 516

11/8/2020 12:55:54 PM : System.Runtime.InteropServices.COMException (0x800A1735): The requested member of the collection does not exist.
   at Microsoft.Office.Interop.Word.Paragraphs.get_Item(Int32 Index)
   at BasedOnText.Common.ReadTextFromWordFileToParagraph(Application createword, String FilePath) in F:\plan\txtContents\result\BasedOnText\BasedOnText\Common.cs:line 516

11/8/2020 12:56:03 PM : System.Runtime.InteropServices.COMException (0x800A1735): The requested member of the collection does not exist.
   at Microsoft.Office.Interop.Word.Paragraphs.get_Item(Int32 Index)
   at BasedOnText.Common.ReadTextFromWordFileToParagraph(Application createword, String FilePath) in F:\plan\txtContents\result\BasedOnText\BasedOnText\Common.cs:line 516

11/8/2020 12:56:11 PM : System.Runtime.InteropServices.COMException (0x800A1735): The requested member of the collection does not exist.
   at Microsoft.Office.Interop.Word.Paragraphs.get_Item(Int32 Index)
   at BasedOnText.Common.ReadTextFromWordFileToParagraph(Application createword, String FilePath) in F:\plan\txtContents\result\BasedOnText\BasedOnText\Common.cs:line 516

11/8/2020 12:56:19 PM : System.Runtime.InteropServices.COMException (0x800A1735): The requested member of the collection does not exist.
   at Microsoft.Office.Interop.Word.Paragraphs.get_Item(Int32 Index)
   at BasedOnText.Common.ReadTextFromWordFileToParagraph(Application createword, String FilePath) in F:\plan\txtContents\result\BasedOnText\BasedOnText\Common.cs:line 516

11/8/2020 12:56:27 PM : System.Runtime.InteropServices.COMException (0x800A1735): The requested member of the collection does not exist.
   at Microsoft.Office.Interop.Word.Paragraphs.get_Item(Int32 Index)
   at BasedOnText.Common.ReadTextFromWordFileToParagraph(Application createword, String FilePath) in F:\plan\txtContents\result\BasedOnText\BasedOnText\Common.cs:line 516

11/8/2020 12:56:37 PM : System.Runtime.InteropServices.COMException (0x800A1735): The requested member of the collection does not exist.
   at Microsoft.Office.Interop.Word.Paragraphs.get_Item(Int32 Index)
   at BasedOnText.Common.ReadTextFromWordFileToParagraph(Application createword, String FilePath) in F:\plan\txtContents\result\BasedOnText\BasedOnText\Common.cs:line 516

11/8/2020 12:56:47 PM : System.Runtime.InteropServices.COMException (0x800A1735): The requested member of the collection does not exist.
   at Microsoft.Office.Interop.Word.Paragraphs.get_Item(Int32 Index)
   at BasedOnText.Common.ReadTextFromWordFileToParagraph(Application createword, String FilePath) in F:\plan\txtContents\result\BasedOnText\BasedOnText\Common.cs:line 516

11/8/2020 12:56:58 PM : System.Runtime.InteropServices.COMException (0x800A1735): The requested member of the collection does not exist.
   at Microsoft.Office.Interop.Word.Paragraphs.get_Item(Int32 Index)
   at BasedOnText.Common.ReadTextFromWordFileToParagraph(Application createword, String FilePath) in F:\plan\txtContents\result\BasedOnText\BasedOnText\Common.cs:line 516

11/8/2020 12:57:08 PM : System.Runtime.InteropServices.COMException (0x800A1735): The requested member of the collection does not exist.
   at Microsoft.Office.Interop.Word.Paragraphs.get_Item(Int32 Index)
   at BasedOnText.Common.ReadTextFromWordFileToParagraph(Application createword, String FilePath) in F:\plan\txtContents\result\BasedOnText\BasedOnText\Common.cs:line 516

11/8/2020 12:57:53 PM : System.Runtime.InteropServices.COMException (0x800A1735): The requested member of the collection does not exist.
   at Microsoft.Office.Interop.Word.Paragraphs.get_Item(Int32 Index)
   at BasedOnText.Common.ReadTextFromWordFileToParagraph(Application createword, String FilePath) in F:\plan\txtContents\result\BasedOnText\BasedOnText\Common.cs:line 516

11/8/2020 12:58:40 PM : System.Runtime.InteropServices.COMException (0x800A1735): The requested member of the collection does not exist.
   at Microsoft.Office.Interop.Word.Paragraphs.get_Item(Int32 Index)
   at BasedOnText.Common.ReadTextFromWordFileToParagraph(Application createword, String FilePath) in F:\plan\txtContents\result\BasedOnText\BasedOnText\Common.cs:line 516

11/8/2020 12:59:31 PM : System.Runtime.InteropServices.COMException (0x800A1735): The requested member of the collection does not exist.
   at Microsoft.Office.Interop.Word.Paragraphs.get_Item(Int32 Index)
   at BasedOnText.Common.ReadTextFromWordFileToParagraph(Application createword, String FilePath) in F:\plan\txtContents\result\BasedOnText\BasedOnText\Common.cs:line 516

11/9/2020 6:32:58 PM : Filter2에서 오류!
System.IndexOutOfRangeException: Index was outside the bounds of the array.
   at BasedOnText.Filter2.ChangeFilter2Word(Application createword, Document createdoc, String text, String word, String[] similarWord, String filePath, Boolean rulecheck) in F:\plan\txtContents\result\BasedOnText\BasedOnText\Filter2.cs:line 166

11/9/2020 6:32:59 PM : Filter2에서 오류!
System.IndexOutOfRangeException: Index was outside the bounds of the array.
   at BasedOnText.Filter2.ChangeFilter2Word(Application createword, Document createdoc, String text, String word, String[] similarWord, String filePath, Boolean rulecheck) in F:\plan\txtContents\result\BasedOnText\BasedOnText\Filter2.cs:line 166

11/9/2020 6:33:02 PM : Filter2에서 오류!
System.IndexOutOfRangeException: Index was outside the bounds of the array.
   at BasedOnText.Filter2.ChangeFilter2Word(Application createword, Document createdoc, String text, String word, String[] similarWord, String filePath, Boolean rulecheck) in F:\plan\txtContents\result\BasedOnText\BasedOnText\Filter2.cs:line 166

11/9/2020 6:33:02 PM : Filter2에서 오류!
System.IndexOutOfRangeException: Index was outside the bounds of the array.
   at BasedOnText.Filter2.ChangeFilter2Word(Application createword, Document createdoc, String text, String word, String[] similarWord, String filePath, Boolean rulecheck) in F:\plan\txtContents\result\BasedOnText\BasedOnText\Filter2.cs:line 166

11/9/2020 6:33:03 PM : Filter2에서 오류!
System.IndexOutOfRangeException: Index was outside the bounds of the array.
   at BasedOnText.Filter2.ChangeFilter2Word(Application createword, Document createdoc, String text, String word, String[] similarWord, String filePath, Boolean rulecheck) in F:\plan\txtContents\result\BasedOnText\BasedOnText\Filter2.cs:line 166
